

X.Org X Server 1.20.4
X Protocol Version 11, Revision 0
Build Operating System: Linux 4.15.0-99-generic armv8l Raspbian
Current Operating System: Linux raspberrypi 5.4.51-v7l+ #1333 SMP Mon Aug 10 16:51:40 BST 2020 armv7l
Kernel command line: coherent_pool=1M 8250.nr_uarts=1 snd_bcm2835.enable_compat_alsa=0 snd_bcm2835.enable_hdmi=1 snd_bcm2835.enable_headphones=1 video=HDMI-A-1:1920x1080M@60 video=HDMI-A-2:1280x720M@60,margin_left=48,margin_right=48,margin_top=48,margin_bottom=48 smsc95xx.macaddr=DC:A6:32:78:97:1E vc_mem.mem_base=0x3ec00000 vc_mem.mem_size=0x40000000  console=ttyS0,115200 console=tty1 root=PARTUUID=ea7d04d6-02 rootfstype=ext4 elevator=deadline fsck.repair=yes rootwait
Build Date: 27 August 2020  08:51:48AM
xorg-server 2:1.20.4-1+rpt2+deb10u1 (https://www.debian.org/support) 
Current version of pixman: 0.36.0
	Before reporting problems, check http://wiki.x.org
	to make sure that you have the latest version.
Markers: (--) probed, (**) from config file, (==) default setting,
	(++) from command line, (!!) notice, (II) informational,
	(WW) warning, (EE) error, (NI) not implemented, (??) unknown.
(==) Log file: "/var/log/Xorg.0.log", Time: Mon Nov 23 12:49:14 2020
(==) Using config directory: "/etc/X11/xorg.conf.d"
(==) Using system config directory "/usr/share/X11/xorg.conf.d"
(II) modeset(0): Initializing kms color map for depth 24, 8 bpc.
xinit: connection to X server lost

waiting for X server to shut down (II) Server terminated successfully (0). Closing log file.

xinit: unexpected signal 15


X.Org X Server 1.20.4
X Protocol Version 11, Revision 0
Build Operating System: Linux 4.15.0-99-generic armv8l Raspbian
Current Operating System: Linux raspberrypi 5.4.51-v7l+ #1333 SMP Mon Aug 10 16:51:40 BST 2020 armv7l
Kernel command line: coherent_pool=1M 8250.nr_uarts=1 snd_bcm2835.enable_compat_alsa=0 snd_bcm2835.enable_hdmi=1 snd_bcm2835.enable_headphones=1 video=HDMI-A-1:1920x1080M@60 video=HDMI-A-2:1280x720M@60,margin_left=48,margin_right=48,margin_top=48,margin_bottom=48 smsc95xx.macaddr=DC:A6:32:78:97:1E vc_mem.mem_base=0x3ec00000 vc_mem.mem_size=0x40000000  console=ttyS0,115200 console=tty1 root=PARTUUID=ea7d04d6-02 rootfstype=ext4 elevator=deadline fsck.repair=yes rootwait
Build Date: 27 August 2020  08:51:48AM
xorg-server 2:1.20.4-1+rpt2+deb10u1 (https://www.debian.org/support) 
Current version of pixman: 0.36.0
	Before reporting problems, check http://wiki.x.org
	to make sure that you have the latest version.
Markers: (--) probed, (**) from config file, (==) default setting,
	(++) from command line, (!!) notice, (II) informational,
	(WW) warning, (EE) error, (NI) not implemented, (??) unknown.
(==) Log file: "/var/log/Xorg.0.log", Time: Mon Nov 23 12:55:27 2020
(==) Using config directory: "/etc/X11/xorg.conf.d"
(==) Using system config directory "/usr/share/X11/xorg.conf.d"
(II) modeset(0): Initializing kms color map for depth 24, 8 bpc.
(II) AIGLX: Suspending AIGLX clients for VT switch
(EE) 
Fatal server error:
(EE) EnterVT failed for screen 0
(EE) 
(EE) 
Please consult the The X.Org Foundation support 
	 at http://wiki.x.org
 for help. 
(EE) Please also check the log file at "/var/log/Xorg.0.log" for additional information.
(EE) 
(II) AIGLX: Suspending AIGLX clients for VT switch
(EE) Server terminated with error (1). Closing log file.
xinit: connection to X server lost

waiting for X server to shut down 
